<?xml version="1.0" encoding="UTF-8"?>
<testExecutions version="1">
  <file path="C:\Users\Robert\OneDrive\Desktop\IP\New Frontend\New-frontend\fe-labs-and-courses-management\src\pages\Subject\__tests__\SubjectAna.test.tsx">
    <testCase name="SubjectAna component should set the subject and description state variables when data is returned from the API" duration="53">
      <failure message="TypeError: mockAxios.onGet is not a function"><![CDATA[TypeError: mockAxios.onGet is not a function
    at Object.<anonymous> (C:\Users\Robert\OneDrive\Desktop\IP\New Frontend\New-frontend\fe-labs-and-courses-management\src\pages\Subject\__tests__\SubjectAna.test.tsx:35:8)
    at Promise.then.completed (C:\Users\Robert\OneDrive\Desktop\IP\New Frontend\New-frontend\fe-labs-and-courses-management\node_modules\jest-circus\build\utils.js:391:28)
    at new Promise (<anonymous>)
    at callAsyncCircusFn (C:\Users\Robert\OneDrive\Desktop\IP\New Frontend\New-frontend\fe-labs-and-courses-management\node_modules\jest-circus\build\utils.js:316:10)
    at _callCircusTest (C:\Users\Robert\OneDrive\Desktop\IP\New Frontend\New-frontend\fe-labs-and-courses-management\node_modules\jest-circus\build\run.js:218:40)
    at processTicksAndRejections (node:internal/process/task_queues:95:5)
    at _runTest (C:\Users\Robert\OneDrive\Desktop\IP\New Frontend\New-frontend\fe-labs-and-courses-management\node_modules\jest-circus\build\run.js:155:3)
    at _runTestsForDescribeBlock (C:\Users\Robert\OneDrive\Desktop\IP\New Frontend\New-frontend\fe-labs-and-courses-management\node_modules\jest-circus\build\run.js:66:9)
    at _runTestsForDescribeBlock (C:\Users\Robert\OneDrive\Desktop\IP\New Frontend\New-frontend\fe-labs-and-courses-management\node_modules\jest-circus\build\run.js:60:9)
    at run (C:\Users\Robert\OneDrive\Desktop\IP\New Frontend\New-frontend\fe-labs-and-courses-management\node_modules\jest-circus\build\run.js:25:3)
    at runAndTransformResultsToJestFormat (C:\Users\Robert\OneDrive\Desktop\IP\New Frontend\New-frontend\fe-labs-and-courses-management\node_modules\jest-circus\build\legacy-code-todo-rewrite\jestAdapterInit.js:170:21)
    at jestAdapter (C:\Users\Robert\OneDrive\Desktop\IP\New Frontend\New-frontend\fe-labs-and-courses-management\node_modules\jest-circus\build\legacy-code-todo-rewrite\jestAdapter.js:82:19)
    at runTestInternal (C:\Users\Robert\OneDrive\Desktop\IP\New Frontend\New-frontend\fe-labs-and-courses-management\node_modules\jest-runner\build\runTest.js:389:16)
    at runTest (C:\Users\Robert\OneDrive\Desktop\IP\New Frontend\New-frontend\fe-labs-and-courses-management\node_modules\jest-runner\build\runTest.js:475:34)
    at Object.worker (C:\Users\Robert\OneDrive\Desktop\IP\New Frontend\New-frontend\fe-labs-and-courses-management\node_modules\jest-runner\build\testWorker.js:133:12)]]></failure>
      <failure message="TypeError: mockAxios.restore is not a function"><![CDATA[TypeError: mockAxios.restore is not a function
    at Object.<anonymous> (C:\Users\Robert\OneDrive\Desktop\IP\New Frontend\New-frontend\fe-labs-and-courses-management\src\pages\Subject\__tests__\SubjectAna.test.tsx:18:15)
    at Promise.then.completed (C:\Users\Robert\OneDrive\Desktop\IP\New Frontend\New-frontend\fe-labs-and-courses-management\node_modules\jest-circus\build\utils.js:391:28)
    at new Promise (<anonymous>)
    at callAsyncCircusFn (C:\Users\Robert\OneDrive\Desktop\IP\New Frontend\New-frontend\fe-labs-and-courses-management\node_modules\jest-circus\build\utils.js:316:10)
    at _callCircusHook (C:\Users\Robert\OneDrive\Desktop\IP\New Frontend\New-frontend\fe-labs-and-courses-management\node_modules\jest-circus\build\run.js:181:40)
    at processTicksAndRejections (node:internal/process/task_queues:95:5)
    at _runTest (C:\Users\Robert\OneDrive\Desktop\IP\New Frontend\New-frontend\fe-labs-and-courses-management\node_modules\jest-circus\build\run.js:158:5)
    at _runTestsForDescribeBlock (C:\Users\Robert\OneDrive\Desktop\IP\New Frontend\New-frontend\fe-labs-and-courses-management\node_modules\jest-circus\build\run.js:66:9)
    at _runTestsForDescribeBlock (C:\Users\Robert\OneDrive\Desktop\IP\New Frontend\New-frontend\fe-labs-and-courses-management\node_modules\jest-circus\build\run.js:60:9)
    at run (C:\Users\Robert\OneDrive\Desktop\IP\New Frontend\New-frontend\fe-labs-and-courses-management\node_modules\jest-circus\build\run.js:25:3)
    at runAndTransformResultsToJestFormat (C:\Users\Robert\OneDrive\Desktop\IP\New Frontend\New-frontend\fe-labs-and-courses-management\node_modules\jest-circus\build\legacy-code-todo-rewrite\jestAdapterInit.js:170:21)
    at jestAdapter (C:\Users\Robert\OneDrive\Desktop\IP\New Frontend\New-frontend\fe-labs-and-courses-management\node_modules\jest-circus\build\legacy-code-todo-rewrite\jestAdapter.js:82:19)
    at runTestInternal (C:\Users\Robert\OneDrive\Desktop\IP\New Frontend\New-frontend\fe-labs-and-courses-management\node_modules\jest-runner\build\runTest.js:389:16)
    at runTest (C:\Users\Robert\OneDrive\Desktop\IP\New Frontend\New-frontend\fe-labs-and-courses-management\node_modules\jest-runner\build\runTest.js:475:34)
    at Object.worker (C:\Users\Robert\OneDrive\Desktop\IP\New Frontend\New-frontend\fe-labs-and-courses-management\node_modules\jest-runner\build\testWorker.js:133:12)]]></failure>
    </testCase>
    <testCase name="SubjectAna component renders course title" duration="56">
      <failure message="TypeError: mockAxios.restore is not a function"><![CDATA[TypeError: mockAxios.restore is not a function
    at Object.<anonymous> (C:\Users\Robert\OneDrive\Desktop\IP\New Frontend\New-frontend\fe-labs-and-courses-management\src\pages\Subject\__tests__\SubjectAna.test.tsx:18:15)
    at Promise.then.completed (C:\Users\Robert\OneDrive\Desktop\IP\New Frontend\New-frontend\fe-labs-and-courses-management\node_modules\jest-circus\build\utils.js:391:28)
    at new Promise (<anonymous>)
    at callAsyncCircusFn (C:\Users\Robert\OneDrive\Desktop\IP\New Frontend\New-frontend\fe-labs-and-courses-management\node_modules\jest-circus\build\utils.js:316:10)
    at _callCircusHook (C:\Users\Robert\OneDrive\Desktop\IP\New Frontend\New-frontend\fe-labs-and-courses-management\node_modules\jest-circus\build\run.js:181:40)
    at processTicksAndRejections (node:internal/process/task_queues:95:5)
    at _runTest (C:\Users\Robert\OneDrive\Desktop\IP\New Frontend\New-frontend\fe-labs-and-courses-management\node_modules\jest-circus\build\run.js:158:5)
    at _runTestsForDescribeBlock (C:\Users\Robert\OneDrive\Desktop\IP\New Frontend\New-frontend\fe-labs-and-courses-management\node_modules\jest-circus\build\run.js:66:9)
    at _runTestsForDescribeBlock (C:\Users\Robert\OneDrive\Desktop\IP\New Frontend\New-frontend\fe-labs-and-courses-management\node_modules\jest-circus\build\run.js:60:9)
    at run (C:\Users\Robert\OneDrive\Desktop\IP\New Frontend\New-frontend\fe-labs-and-courses-management\node_modules\jest-circus\build\run.js:25:3)
    at runAndTransformResultsToJestFormat (C:\Users\Robert\OneDrive\Desktop\IP\New Frontend\New-frontend\fe-labs-and-courses-management\node_modules\jest-circus\build\legacy-code-todo-rewrite\jestAdapterInit.js:170:21)
    at jestAdapter (C:\Users\Robert\OneDrive\Desktop\IP\New Frontend\New-frontend\fe-labs-and-courses-management\node_modules\jest-circus\build\legacy-code-todo-rewrite\jestAdapter.js:82:19)
    at runTestInternal (C:\Users\Robert\OneDrive\Desktop\IP\New Frontend\New-frontend\fe-labs-and-courses-management\node_modules\jest-runner\build\runTest.js:389:16)
    at runTest (C:\Users\Robert\OneDrive\Desktop\IP\New Frontend\New-frontend\fe-labs-and-courses-management\node_modules\jest-runner\build\runTest.js:475:34)
    at Object.worker (C:\Users\Robert\OneDrive\Desktop\IP\New Frontend\New-frontend\fe-labs-and-courses-management\node_modules\jest-runner\build\testWorker.js:133:12)]]></failure>
    </testCase>
    <testCase name="SubjectAna component write src picture" duration="323">
      <failure message="Error: expect(element).toHaveAttribute(&quot;src&quot;, &quot;https://profs.info.uaic.ro/~adiftene/Scoala/2022/IP/Img/Amazon_Learn_and_Earn.jpg&quot;) // element.getAttribute(&quot;src&quot;) === &quot;https://profs.info.uaic.ro/~adiftene/Scoala/2022/IP/Img/Amazon_Learn_and_Earn.jpg&quot;"><![CDATA[Error: expect(element).toHaveAttribute("src", "https://profs.info.uaic.ro/~adiftene/Scoala/2022/IP/Img/Amazon_Learn_and_Earn.jpg") // element.getAttribute("src") === "https://profs.info.uaic.ro/~adiftene/Scoala/2022/IP/Img/Amazon_Learn_and_Earn.jpg"

Expected the element to have attribute:
  src="https://profs.info.uaic.ro/~adiftene/Scoala/2022/IP/Img/Amazon_Learn_and_Earn.jpg"
Received:
  src=""
    at Object.<anonymous> (C:\Users\Robert\OneDrive\Desktop\IP\New Frontend\New-frontend\fe-labs-and-courses-management\src\pages\Subject\__tests__\SubjectAna.test.tsx:74:19)
    at Promise.then.completed (C:\Users\Robert\OneDrive\Desktop\IP\New Frontend\New-frontend\fe-labs-and-courses-management\node_modules\jest-circus\build\utils.js:391:28)
    at new Promise (<anonymous>)
    at callAsyncCircusFn (C:\Users\Robert\OneDrive\Desktop\IP\New Frontend\New-frontend\fe-labs-and-courses-management\node_modules\jest-circus\build\utils.js:316:10)
    at _callCircusTest (C:\Users\Robert\OneDrive\Desktop\IP\New Frontend\New-frontend\fe-labs-and-courses-management\node_modules\jest-circus\build\run.js:218:40)
    at processTicksAndRejections (node:internal/process/task_queues:95:5)
    at _runTest (C:\Users\Robert\OneDrive\Desktop\IP\New Frontend\New-frontend\fe-labs-and-courses-management\node_modules\jest-circus\build\run.js:155:3)
    at _runTestsForDescribeBlock (C:\Users\Robert\OneDrive\Desktop\IP\New Frontend\New-frontend\fe-labs-and-courses-management\node_modules\jest-circus\build\run.js:66:9)
    at _runTestsForDescribeBlock (C:\Users\Robert\OneDrive\Desktop\IP\New Frontend\New-frontend\fe-labs-and-courses-management\node_modules\jest-circus\build\run.js:60:9)
    at run (C:\Users\Robert\OneDrive\Desktop\IP\New Frontend\New-frontend\fe-labs-and-courses-management\node_modules\jest-circus\build\run.js:25:3)
    at runAndTransformResultsToJestFormat (C:\Users\Robert\OneDrive\Desktop\IP\New Frontend\New-frontend\fe-labs-and-courses-management\node_modules\jest-circus\build\legacy-code-todo-rewrite\jestAdapterInit.js:170:21)
    at jestAdapter (C:\Users\Robert\OneDrive\Desktop\IP\New Frontend\New-frontend\fe-labs-and-courses-management\node_modules\jest-circus\build\legacy-code-todo-rewrite\jestAdapter.js:82:19)
    at runTestInternal (C:\Users\Robert\OneDrive\Desktop\IP\New Frontend\New-frontend\fe-labs-and-courses-management\node_modules\jest-runner\build\runTest.js:389:16)
    at runTest (C:\Users\Robert\OneDrive\Desktop\IP\New Frontend\New-frontend\fe-labs-and-courses-management\node_modules\jest-runner\build\runTest.js:475:34)
    at Object.worker (C:\Users\Robert\OneDrive\Desktop\IP\New Frontend\New-frontend\fe-labs-and-courses-management\node_modules\jest-runner\build\testWorker.js:133:12)]]></failure>
      <failure message="TypeError: mockAxios.restore is not a function"><![CDATA[TypeError: mockAxios.restore is not a function
    at Object.<anonymous> (C:\Users\Robert\OneDrive\Desktop\IP\New Frontend\New-frontend\fe-labs-and-courses-management\src\pages\Subject\__tests__\SubjectAna.test.tsx:18:15)
    at Promise.then.completed (C:\Users\Robert\OneDrive\Desktop\IP\New Frontend\New-frontend\fe-labs-and-courses-management\node_modules\jest-circus\build\utils.js:391:28)
    at new Promise (<anonymous>)
    at callAsyncCircusFn (C:\Users\Robert\OneDrive\Desktop\IP\New Frontend\New-frontend\fe-labs-and-courses-management\node_modules\jest-circus\build\utils.js:316:10)
    at _callCircusHook (C:\Users\Robert\OneDrive\Desktop\IP\New Frontend\New-frontend\fe-labs-and-courses-management\node_modules\jest-circus\build\run.js:181:40)
    at processTicksAndRejections (node:internal/process/task_queues:95:5)
    at _runTest (C:\Users\Robert\OneDrive\Desktop\IP\New Frontend\New-frontend\fe-labs-and-courses-management\node_modules\jest-circus\build\run.js:158:5)
    at _runTestsForDescribeBlock (C:\Users\Robert\OneDrive\Desktop\IP\New Frontend\New-frontend\fe-labs-and-courses-management\node_modules\jest-circus\build\run.js:66:9)
    at _runTestsForDescribeBlock (C:\Users\Robert\OneDrive\Desktop\IP\New Frontend\New-frontend\fe-labs-and-courses-management\node_modules\jest-circus\build\run.js:60:9)
    at run (C:\Users\Robert\OneDrive\Desktop\IP\New Frontend\New-frontend\fe-labs-and-courses-management\node_modules\jest-circus\build\run.js:25:3)
    at runAndTransformResultsToJestFormat (C:\Users\Robert\OneDrive\Desktop\IP\New Frontend\New-frontend\fe-labs-and-courses-management\node_modules\jest-circus\build\legacy-code-todo-rewrite\jestAdapterInit.js:170:21)
    at jestAdapter (C:\Users\Robert\OneDrive\Desktop\IP\New Frontend\New-frontend\fe-labs-and-courses-management\node_modules\jest-circus\build\legacy-code-todo-rewrite\jestAdapter.js:82:19)
    at runTestInternal (C:\Users\Robert\OneDrive\Desktop\IP\New Frontend\New-frontend\fe-labs-and-courses-management\node_modules\jest-runner\build\runTest.js:389:16)
    at runTest (C:\Users\Robert\OneDrive\Desktop\IP\New Frontend\New-frontend\fe-labs-and-courses-management\node_modules\jest-runner\build\runTest.js:475:34)
    at Object.worker (C:\Users\Robert\OneDrive\Desktop\IP\New Frontend\New-frontend\fe-labs-and-courses-management\node_modules\jest-runner\build\testWorker.js:133:12)]]></failure>
    </testCase>
    <testCase name="SubjectAna component clicking &apos;View Full Description&apos; shows the modal" duration="21">
      <failure message="TypeError: mockAxios.restore is not a function"><![CDATA[TypeError: mockAxios.restore is not a function
    at Object.<anonymous> (C:\Users\Robert\OneDrive\Desktop\IP\New Frontend\New-frontend\fe-labs-and-courses-management\src\pages\Subject\__tests__\SubjectAna.test.tsx:18:15)
    at Promise.then.completed (C:\Users\Robert\OneDrive\Desktop\IP\New Frontend\New-frontend\fe-labs-and-courses-management\node_modules\jest-circus\build\utils.js:391:28)
    at new Promise (<anonymous>)
    at callAsyncCircusFn (C:\Users\Robert\OneDrive\Desktop\IP\New Frontend\New-frontend\fe-labs-and-courses-management\node_modules\jest-circus\build\utils.js:316:10)
    at _callCircusHook (C:\Users\Robert\OneDrive\Desktop\IP\New Frontend\New-frontend\fe-labs-and-courses-management\node_modules\jest-circus\build\run.js:181:40)
    at processTicksAndRejections (node:internal/process/task_queues:95:5)
    at _runTest (C:\Users\Robert\OneDrive\Desktop\IP\New Frontend\New-frontend\fe-labs-and-courses-management\node_modules\jest-circus\build\run.js:158:5)
    at _runTestsForDescribeBlock (C:\Users\Robert\OneDrive\Desktop\IP\New Frontend\New-frontend\fe-labs-and-courses-management\node_modules\jest-circus\build\run.js:66:9)
    at _runTestsForDescribeBlock (C:\Users\Robert\OneDrive\Desktop\IP\New Frontend\New-frontend\fe-labs-and-courses-management\node_modules\jest-circus\build\run.js:60:9)
    at run (C:\Users\Robert\OneDrive\Desktop\IP\New Frontend\New-frontend\fe-labs-and-courses-management\node_modules\jest-circus\build\run.js:25:3)
    at runAndTransformResultsToJestFormat (C:\Users\Robert\OneDrive\Desktop\IP\New Frontend\New-frontend\fe-labs-and-courses-management\node_modules\jest-circus\build\legacy-code-todo-rewrite\jestAdapterInit.js:170:21)
    at jestAdapter (C:\Users\Robert\OneDrive\Desktop\IP\New Frontend\New-frontend\fe-labs-and-courses-management\node_modules\jest-circus\build\legacy-code-todo-rewrite\jestAdapter.js:82:19)
    at runTestInternal (C:\Users\Robert\OneDrive\Desktop\IP\New Frontend\New-frontend\fe-labs-and-courses-management\node_modules\jest-runner\build\runTest.js:389:16)
    at runTest (C:\Users\Robert\OneDrive\Desktop\IP\New Frontend\New-frontend\fe-labs-and-courses-management\node_modules\jest-runner\build\runTest.js:475:34)
    at Object.worker (C:\Users\Robert\OneDrive\Desktop\IP\New Frontend\New-frontend\fe-labs-and-courses-management\node_modules\jest-runner\build\testWorker.js:133:12)]]></failure>
    </testCase>
  </file>
  <file path="C:\Users\Robert\OneDrive\Desktop\IP\New Frontend\New-frontend\fe-labs-and-courses-management\src\pages\Subject\__tests__\ResourcesTable.test.tsx">
    <testCase name="ResourcesTable component renders table with resource titles" duration="746"/>
    <testCase name="ResourcesTable component opens a modal when &apos;Add resource&apos; button is clicked" duration="395"/>
  </file>
  <file path="C:\Users\Robert\OneDrive\Desktop\IP\New Frontend\New-frontend\fe-labs-and-courses-management\src\pages\Subject\__tests__\SubjectAlex.test.tsx">
    <testCase name="SubjectAlex component renders the component" duration="333"/>
    <testCase name="SubjectAlex component fetches the data from the API" duration="87"/>
    <testCase name="SubjectAlex component &apos;no&apos; button doesn&apos;t delete the card" duration="194"/>
    <testCase name="SubjectAlex component delete button trigger axios.delete" duration="66"/>
    <testCase name="SubjectAlex component edit button opens form" duration="630"/>
  </file>
  <file path="C:\Users\Robert\OneDrive\Desktop\IP\New Frontend\New-frontend\fe-labs-and-courses-management\src\pages\Catalog\__tests__\AddGradeComponent.test.tsx">
    <testCase name="AddGrade component should render a button to open the modal" duration="419"/>
    <testCase name="AddGrade component should render a modal when the button is clicked" duration="761"/>
    <testCase name="AddGrade component should submit the form data when the add button is clicked" duration="538"/>
  </file>
  <file path="C:\Users\Robert\OneDrive\Desktop\IP\New Frontend\New-frontend\fe-labs-and-courses-management\src\pages\Catalog\__tests__\UpdateGradeComponent.test.tsx">
    <testCase name="UpdateGrade component should render a button to open the modal" duration="272"/>
    <testCase name="UpdateGrade component should render a modal when the button is clicked" duration="930"/>
    <testCase name="UpdateGrade component should submit the form data when the update button is clicked" duration="410"/>
  </file>
  <file path="C:\Users\Robert\OneDrive\Desktop\IP\New Frontend\New-frontend\fe-labs-and-courses-management\src\pages\Subject\__tests__\EvaluationEdit.test.tsx">
    <testCase name="renders EvaluationEdit component without crashing" duration="508"/>
    <testCase name="calls axios.put with correct data when save button is clicked" duration="1233">
      <failure message="Error: Timed out in waitForElementToBeRemoved."><![CDATA[Error: Timed out in waitForElementToBeRemoved.

Ignored nodes: comments, script, style
<html>
  <head />
  <body>
    <div />
    <div>
      <div
        class="ant-modal-root css-dev-only-do-not-override-yp8pcc"
      >
        <div
          class="ant-modal-mask"
        />
        <div
          class="ant-modal-wrap ant-modal-centered"
          tabindex="-1"
        >
          <div
            aria-labelledby="test-id"
            aria-modal="true"
            class="ant-modal css-dev-only-do-not-override-yp8pcc"
            role="dialog"
            style="width: 520px; transform-origin: NaNpx NaNpx;"
          >
            <div
              aria-hidden="true"
              style="width: 0px; height: 0px; overflow: hidden; outline: none;"
              tabindex="0"
            />
            <div
              class="ant-modal-content"
            >
              <button
                aria-label="Close"
                class="ant-modal-close"
                type="button"
              >
                <span
                  class="ant-modal-close-x"
                >
                  <span
                    aria-label="close"
                    class="anticon anticon-close ant-modal-close-icon"
                    role="img"
                  >
                    <svg
                      aria-hidden="true"
                      data-icon="close"
                      fill="currentColor"
                      focusable="false"
                      height="1em"
                      viewBox="64 64 896 896"
                      width="1em"
                    >
                      <path
                        d="M563.8 512l262.5-312.9c4.4-5.2.7-13.1-6.1-13.1h-79.8c-4.7 0-9.2 2.1-12.3 5.7L511.6 449.8 295.1 191.7c-3-3.6-7.5-5.7-12.3-5.7H203c-6.8 0-10.5 7.9-6.1 13.1L459.4 512 196.9 824.9A7.95 7.95 0 00203 838h79.8c4.7 0 9.2-2.1 12.3-5.7l216.5-258.1 216.5 258.1c3 3.6 7.5 5.7 12.3 5.7h79.8c6.8 0 10.5-7.9 6.1-13.1L563.8 512z"
                      />
                    </svg>
                  </span>
                </span>
              </button>
              <div
                class="ant-modal-header"
              >
                <div
                  class="ant-modal-title"
                  id="test-id"
                >
                  Edit Course
                </div>
              </div>
              <div
                class="ant-modal-body"
              >
                <form
                  class="ant-form ant-form-vertical css-dev-only-do-not-override-yp8pcc"
                >
                  <div
                    class="ant-form-item css-dev-only-do-not-override-yp8pcc ant-form-item-has-success"
                  >
                    <div
                      class="ant-row ant-form-item-row css-dev-only-do-not-override-yp8pcc"
                    >
                      <div
                        class="ant-col ant-form-item-label css-dev-only-do-not-override-yp8pcc"
                      >
                        <label
                          class=""
                          for="description"
                          title="Description"
                        >
                          Description
                        </label>
                      </div>
                      <div
                        class="ant-col ant-form-item-control css-dev-only-do-not-override-yp8pcc"
                      >
                        <div
                          class="ant-form-item-control-input"
                        >
                          <div
                            class="ant-form-item-control-input-content"
                          >
                            <textarea
                              class="ant-input ant-input-status-success css-dev-only-do-not-override-yp8pcc"
                              id="description"
                              rows="4"
                            >
                              New description
                            </textarea>
                          </div>
                        </div>
                      </div>
                    </div>
                  </div>
                </form>
              </div>
              <div
                class="ant-modal-footer"
              >
                <button
                  class="ant-btn css-dev-only-do-not-override-yp8pcc ant-btn-default"
                  type="button"
                >
                  <span>
                    Close
                  </span>
                </button>
                <button
                  class="ant-btn css-dev-only-do-not-override-yp8pcc ant-btn-primary bg-buttonBlue hover:bg-hoverBlue"
                  type="button"
                >
                  <span>
                    Save
                  </span>
                </button>
              </div>
            </div>
            <div
              aria-hidden="true"
              style="width: 0px; height: 0px; overflow: hidden; outline: none;"
              tabindex="0"
            />
          </div>
        </div>
      </div>
    </div>...
    at waitForElementToBeRemoved (C:\Users\Robert\OneDrive\Desktop\IP\New Frontend\New-frontend\fe-labs-and-courses-management\node_modules\@testing-library\react\node_modules\@testing-library\dom\dist\wait-for-element-to-be-removed.js:19:24)
    at Object.<anonymous> (C:\Users\Robert\OneDrive\Desktop\IP\New Frontend\New-frontend\fe-labs-and-courses-management\src\pages\Subject\__tests__\EvaluationEdit.test.tsx:58:36)
    at Promise.then.completed (C:\Users\Robert\OneDrive\Desktop\IP\New Frontend\New-frontend\fe-labs-and-courses-management\node_modules\jest-circus\build\utils.js:391:28)
    at new Promise (<anonymous>)
    at callAsyncCircusFn (C:\Users\Robert\OneDrive\Desktop\IP\New Frontend\New-frontend\fe-labs-and-courses-management\node_modules\jest-circus\build\utils.js:316:10)
    at _callCircusTest (C:\Users\Robert\OneDrive\Desktop\IP\New Frontend\New-frontend\fe-labs-and-courses-management\node_modules\jest-circus\build\run.js:218:40)
    at processTicksAndRejections (node:internal/process/task_queues:95:5)
    at _runTest (C:\Users\Robert\OneDrive\Desktop\IP\New Frontend\New-frontend\fe-labs-and-courses-management\node_modules\jest-circus\build\run.js:155:3)
    at _runTestsForDescribeBlock (C:\Users\Robert\OneDrive\Desktop\IP\New Frontend\New-frontend\fe-labs-and-courses-management\node_modules\jest-circus\build\run.js:66:9)
    at run (C:\Users\Robert\OneDrive\Desktop\IP\New Frontend\New-frontend\fe-labs-and-courses-management\node_modules\jest-circus\build\run.js:25:3)
    at runAndTransformResultsToJestFormat (C:\Users\Robert\OneDrive\Desktop\IP\New Frontend\New-frontend\fe-labs-and-courses-management\node_modules\jest-circus\build\legacy-code-todo-rewrite\jestAdapterInit.js:170:21)
    at jestAdapter (C:\Users\Robert\OneDrive\Desktop\IP\New Frontend\New-frontend\fe-labs-and-courses-management\node_modules\jest-circus\build\legacy-code-todo-rewrite\jestAdapter.js:82:19)
    at runTestInternal (C:\Users\Robert\OneDrive\Desktop\IP\New Frontend\New-frontend\fe-labs-and-courses-management\node_modules\jest-runner\build\runTest.js:389:16)
    at runTest (C:\Users\Robert\OneDrive\Desktop\IP\New Frontend\New-frontend\fe-labs-and-courses-management\node_modules\jest-runner\build\runTest.js:475:34)
    at Object.worker (C:\Users\Robert\OneDrive\Desktop\IP\New Frontend\New-frontend\fe-labs-and-courses-management\node_modules\jest-runner\build\testWorker.js:133:12)]]></failure>
    </testCase>
  </file>
  <file path="C:\Users\Robert\OneDrive\Desktop\IP\New Frontend\New-frontend\fe-labs-and-courses-management\src\pages\Subject\__tests__\Accordion.test.tsx">
    <testCase name="Accordion should render Acoordion component" duration="230"/>
    <testCase name="Accordion should open the add modal when add button is clicked" duration="490"/>
    <testCase name="Accordion should close the add modal when cancel button is clicked" duration="1301">
      <failure message="Error: expect(element).not.toBeInTheDocument()"><![CDATA[Error: expect(element).not.toBeInTheDocument()

expected document not to contain element, found <div class="ant-modal-root css-dev-only-do-not-override-yp8pcc" data-testid="modal"><div class="ant-modal-wrap" style="display: none;" tabindex="-1"><div aria-labelledby="test-id" aria-modal="true" class="ant-modal css-dev-only-do-not-override-yp8pcc" role="dialog" style="width: 520px; transform-origin: NaNpx NaNpx; display: none;"><div aria-hidden="true" style="width: 0px; height: 0px; overflow: hidden; outline: none;" tabindex="0" /><div class="ant-modal-content"><button aria-label="Close" class="ant-modal-close" type="button"><span class="ant-modal-close-x"><span aria-label="close" class="anticon anticon-close ant-modal-close-icon" role="img"><svg aria-hidden="true" data-icon="close" fill="currentColor" focusable="false" height="1em" viewBox="64 64 896 896" width="1em"><path d="M563.8 512l262.5-312.9c4.4-5.2.7-13.1-6.1-13.1h-79.8c-4.7 0-9.2 2.1-12.3 5.7L511.6 449.8 295.1 191.7c-3-3.6-7.5-5.7-12.3-5.7H203c-6.8 0-10.5 7.9-6.1 13.1L459.4 512 196.9 824.9A7.95 7.95 0 00203 838h79.8c4.7 0 9.2-2.1 12.3-5.7l216.5-258.1 216.5 258.1c3 3.6 7.5 5.7 12.3 5.7h79.8c6.8 0 10.5-7.9 6.1-13.1L563.8 512z" /></svg></span></span></button><div class="ant-modal-header"><div class="ant-modal-title" id="test-id">Add Component</div></div><div class="ant-modal-body"><form class="ant-form ant-form-horizontal css-dev-only-do-not-override-yp8pcc"><div class="ant-form-item css-dev-only-do-not-override-yp8pcc"><div class="ant-row ant-form-item-row css-dev-only-do-not-override-yp8pcc"><div class="ant-col ant-form-item-label css-dev-only-do-not-override-yp8pcc"><label class="ant-form-item-required" title="Component Type">Component Type</label></div><div class="ant-col ant-form-item-control css-dev-only-do-not-override-yp8pcc"><div class="ant-form-item-control-input"><div â€¦ /></div></div></div></div><div class="ant-form-item css-dev-only-do-not-override-yp8pcc"><div class="ant-row ant-form-item-row css-dev-only-do-not-override-yp8pcc"><div class="ant-col ant-form-item-label css-dev-only-do-not-override-yp8pcc"><label class="ant-form-item-required" title="Number of Weeks">Number of Weeks</label></div><div class="ant-col ant-form-item-control css-dev-only-do-not-override-yp8pcc"><div class="ant-form-item-control-input"><div â€¦ /></div></div></div></div><div class="ant-form-item css-dev-only-do-not-override-yp8pcc"><div class="ant-row ant-form-item-row css-dev-only-do-not-override-yp8pcc"><div class="ant-col ant-form-item-label css-dev-only-do-not-override-yp8pcc"><label class="" title="Percentage of Final Grade">Percentage of Final Grade</label></div><div class="ant-col ant-form-item-control css-dev-only-do-not-override-yp8pcc"><div class="ant-form-item-control-input"><div â€¦ /></div></div></div></div><div class="ant-form-item css-dev-only-do-not-override-yp8pcc"><div class="ant-row ant-form-item-row css-dev-only-do-not-override-yp8pcc"><div class="ant-col ant-form-item-label css-dev-only-do-not-override-yp8pcc"><label class="" title="Evaluation Description">Evaluation Description</label></div><div class="ant-col ant-form-item-control css-dev-only-do-not-override-yp8pcc"><div class="ant-form-item-control-input"><div â€¦ /></div></div></div></div></form></div><div class="ant-modal-footer"><button class="ant-btn css-dev-only-do-not-override-yp8pcc ant-btn-default" type="button"><span>Cancel</span></button><button class="ant-btn css-dev-only-do-not-override-yp8pcc ant-btn-primary bg-buttonBlue hover:bg-hoverBlue" style="color: white;" type="button"><span>Add</span></button></div></div><div aria-hidden="true" style="width: 0px; height: 0px; overflow: hidden; outline: none;" tabindex="0" /></div></div></div> instead

Ignored nodes: comments, script, style
<html>
  <head />
  <body>
    <div>
      <div
        data-testid="accordion-1"
      >
        <svg
          aria-hidden="true"
          class="svg-inline--fa fa-plus fa-2x mb-10 px-10 hover:text-blue-500"
          data-icon="plus"
          data-prefix="fas"
          data-testid="add-button"
          focusable="false"
          role="img"
          viewBox="0 0 448 512"
          xmlns="http://www.w3.org/2000/svg"
        >
          <path
            d="M256 80c0-17.7-14.3-32-32-32s-32 14.3-32 32V224H48c-17.7 0-32 14.3-32 32s14.3 32 32 32H192V432c0 17.7 14.3 32 32 32s32-14.3 32-32V288H400c17.7 0 32-14.3 32-32s-14.3-32-32-32H256V80z"
            fill="currentColor"
          />
        </svg>
        <div
          class="ant-collapse ant-collapse-icon-position-start ant-collapse-ghost css-dev-only-do-not-override-yp8pcc"
          role="tablist"
        >
          <div
            class="ant-collapse-item"
          >
            <div
              aria-disabled="false"
              aria-expanded="false"
              class="ant-collapse-header"
              role="tab"
              tabindex="0"
            >
              <div
                class="ant-collapse-expand-icon"
              >
                <span
                  aria-label="right"
                  class="anticon anticon-right ant-collapse-arrow"
                  role="img"
                >
                  <svg
                    aria-hidden="true"
                    data-icon="right"
                    fill="currentColor"
                    focusable="false"
                    height="1em"
                    viewBox="64 64 896 896"
                    width="1em"
                  >
                    <path
                      d="M765.7 486.8L314.9 134.7A7.97 7.97 0 00302 141v77.3c0 4.9 2.3 9.6 6.1 12.6l360 281.1-360 281.1c-3.9 3-6.1 7.7-6.1 12.6V883c0 6.7 7.7 10.4 12.9 6.3l450.8-352.1a31.96 31.96 0 000-50.4z"
                    />
                  </svg>
                </span>
              </div>
              <span
                class="ant-collapse-header-text"
              >
                Course
              </span>
            </div>
          </div>
          <div
            class="ant-collapse-item"
          >
            <div
              aria-disabled="false"
              aria-expanded="false"
              class="ant-collapse-header"
              role="tab"
              tabindex="0"
            >
              <div
                class="ant-collapse-expand-icon"
              >
                <span
                  aria-label="right"
                  class="anticon anticon-right ant-collapse-arrow"
                  role="img"
                >
                  <svg
                    aria-hidden="true"
                    data-icon="right"
                    fill="currentColor"
                    focusable="false"
                    height="1em"
                    viewBox="64 64 896 896"
                    width="1em"
                  >
                    <path
                      d="M765.7 486.8L314.9 134.7A7.97 7.97 0 00302 141v77.3c0 4.9 2.3 9.6 6.1 12.6l360 281.1-360 281.1c-3.9 3-6.1 7.7-6.1 12.6V883c0 6.7 7.7 10.4 12.9 6.3l450.8-352.1a31.96 31.96 0 000-50.4z"
                    />
                  </svg>
                </span>
              </div>
              <span
                class="ant-collapse-header-text"
              >
                Seminar
              </span>
            </div>
          </div>
        </div>
      </div>
    </div>
    <div>
      <div
        class="ant-modal-root css-dev-only-do-not-override-yp8pcc"
        data-testid="modal"
      >
        <div
          class="ant-modal-wrap"
          style="display: none;"
          tabindex="-1"
        >
          <div
            aria-labelledby="test-id"
            aria-modal="true"
            class="ant-modal css-dev-only-do-not-override-yp8pcc"
            role="dialog"
            style="width: 520px; transform-origin: NaNpx NaNpx; display: none;"
          >
            <div
              aria-hidden="true"
              style="width: 0px; height: 0px; overflow: hidden; outline: none;"
              tabindex="0"
            />
            <div
              class="ant-modal-content"
            >
              <button
                aria-label="Close"
                class="ant-modal-close"
                type="button"
              >
                <span
                  class="ant-modal-close-x"
                >
                  <span
                    aria-label="close"
                    class="anticon anticon-close ant-modal-close-icon"
                    role="img"
                  >
                    <svg
                      aria-hidden[39...
    at C:\Users\Robert\OneDrive\Desktop\IP\New Frontend\New-frontend\fe-labs-and-courses-management\src\pages\Subject\__tests__\Accordion.test.tsx:57:49
    at runWithExpensiveErrorDiagnosticsDisabled (C:\Users\Robert\OneDrive\Desktop\IP\New Frontend\New-frontend\fe-labs-and-courses-management\node_modules\@testing-library\react\node_modules\@testing-library\dom\dist\config.js:47:12)
    at checkCallback (C:\Users\Robert\OneDrive\Desktop\IP\New Frontend\New-frontend\fe-labs-and-courses-management\node_modules\@testing-library\react\node_modules\@testing-library\dom\dist\wait-for.js:127:77)
    at checkRealTimersCallback (C:\Users\Robert\OneDrive\Desktop\IP\New Frontend\New-frontend\fe-labs-and-courses-management\node_modules\@testing-library\react\node_modules\@testing-library\dom\dist\wait-for.js:121:16)
    at Timeout.task [as _onTimeout] (C:\Users\Robert\OneDrive\Desktop\IP\New Frontend\New-frontend\fe-labs-and-courses-management\node_modules\jsdom\lib\jsdom\browser\Window.js:516:19)
    at listOnTimeout (node:internal/timers:569:17)
    at processTimers (node:internal/timers:512:7)]]></failure>
    </testCase>
    <testCase name="Accordion should save the new component and update the state when form is submitted" duration="1">
      <failure message="TypeError: mock.onPost is not a function"><![CDATA[TypeError: mock.onPost is not a function
    at Object.<anonymous> (C:\Users\Robert\OneDrive\Desktop\IP\New Frontend\New-frontend\fe-labs-and-courses-management\src\pages\Subject\__tests__\Accordion.test.tsx:63:10)
    at Promise.then.completed (C:\Users\Robert\OneDrive\Desktop\IP\New Frontend\New-frontend\fe-labs-and-courses-management\node_modules\jest-circus\build\utils.js:391:28)
    at new Promise (<anonymous>)
    at callAsyncCircusFn (C:\Users\Robert\OneDrive\Desktop\IP\New Frontend\New-frontend\fe-labs-and-courses-management\node_modules\jest-circus\build\utils.js:316:10)
    at _callCircusTest (C:\Users\Robert\OneDrive\Desktop\IP\New Frontend\New-frontend\fe-labs-and-courses-management\node_modules\jest-circus\build\run.js:218:40)
    at _runTest (C:\Users\Robert\OneDrive\Desktop\IP\New Frontend\New-frontend\fe-labs-and-courses-management\node_modules\jest-circus\build\run.js:155:3)
    at _runTestsForDescribeBlock (C:\Users\Robert\OneDrive\Desktop\IP\New Frontend\New-frontend\fe-labs-and-courses-management\node_modules\jest-circus\build\run.js:66:9)
    at _runTestsForDescribeBlock (C:\Users\Robert\OneDrive\Desktop\IP\New Frontend\New-frontend\fe-labs-and-courses-management\node_modules\jest-circus\build\run.js:60:9)
    at run (C:\Users\Robert\OneDrive\Desktop\IP\New Frontend\New-frontend\fe-labs-and-courses-management\node_modules\jest-circus\build\run.js:25:3)
    at runAndTransformResultsToJestFormat (C:\Users\Robert\OneDrive\Desktop\IP\New Frontend\New-frontend\fe-labs-and-courses-management\node_modules\jest-circus\build\legacy-code-todo-rewrite\jestAdapterInit.js:170:21)
    at jestAdapter (C:\Users\Robert\OneDrive\Desktop\IP\New Frontend\New-frontend\fe-labs-and-courses-management\node_modules\jest-circus\build\legacy-code-todo-rewrite\jestAdapter.js:82:19)
    at runTestInternal (C:\Users\Robert\OneDrive\Desktop\IP\New Frontend\New-frontend\fe-labs-and-courses-management\node_modules\jest-runner\build\runTest.js:389:16)
    at runTest (C:\Users\Robert\OneDrive\Desktop\IP\New Frontend\New-frontend\fe-labs-and-courses-management\node_modules\jest-runner\build\runTest.js:475:34)
    at Object.worker (C:\Users\Robert\OneDrive\Desktop\IP\New Frontend\New-frontend\fe-labs-and-courses-management\node_modules\jest-runner\build\testWorker.js:133:12)]]></failure>
    </testCase>
    <testCase name="Accordion renders the Accordion component with the correct props" duration="57"/>
    <testCase name="Accordion should  open the modal for the new component" duration="180"/>
  </file>
  <file path="C:\Users\Robert\OneDrive\Desktop\IP\New Frontend\New-frontend\fe-labs-and-courses-management\src\components\RemindersCard\RemindersContext.test.tsx">
    <testCase name="RemindersContext should call saveNewReminder when click on submit button" duration="357"/>
  </file>
  <file path="C:\Users\Robert\OneDrive\Desktop\IP\New Frontend\New-frontend\fe-labs-and-courses-management\src\pages\Catalog\__tests__\CatalogComponent.test.tsx">
    <testCase name="Catalog renders student&apos;s name and grades table" duration="270"/>
    <testCase name="Catalog fetches and stores response data correctly" duration="157"/>
  </file>
  <file path="C:\Users\Robert\OneDrive\Desktop\IP\New Frontend\New-frontend\fe-labs-and-courses-management\src\pages\Subject\__tests__\MyVerticallyCenteredModal.test.tsx">
    <testCase name="Modal that pops up and has a text area renders the modal" duration="374"/>
    <testCase name="Modal that pops up and has a text area should render the modal with edit and close buttons" duration="286"/>
    <testCase name="Modal that pops up and has a text area should show the edit textarea when Edit button is clicked" duration="206"/>
    <testCase name="Modal that pops up and has a text area should set a new description when Save button is clicked and close the modal when Close button is clicked" duration="169"/>
  </file>
  <file path="C:\Users\Robert\OneDrive\Desktop\IP\New Frontend\New-frontend\fe-labs-and-courses-management\src\pages\Catalog\__tests__\DeleteGradeComponent.test.tsx">
    <testCase name="DeleteGrade component clicking delete button shows confirmation modal" duration="546"/>
    <testCase name="DeleteGrade component clicking delete button and confirming should delete grade and close modal" duration="260"/>
  </file>
  <file path="C:\Users\Robert\OneDrive\Desktop\IP\New Frontend\New-frontend\fe-labs-and-courses-management\src\pages\Subject\__tests__\PieChart.test.tsx">
    <testCase name="PieChart component renders PieChart component" duration="109"/>
  </file>
  <file path="C:\Users\Robert\OneDrive\Desktop\IP\New Frontend\New-frontend\fe-labs-and-courses-management\src\components\UserInfoModal\UserInfoModal.test.tsx">
    <testCase name="ModalTitle should render properly when not in edit mode" duration="131"/>
    <testCase name="ModalTitle should not render a pencil icon when in edit mode" duration="4"/>
    <testCase name="ModalTitle should go into edit mode on icon click" duration="51"/>
    <testCase name="ModalFooter should render properly when in edit mode" duration="58"/>
    <testCase name="ModalFooter should render properly when not in edit mode" duration="40"/>
    <testCase name="ModalFooter should call onSave when save button is clicked" duration="37"/>
    <testCase name="ModalFooter should call onCancel when cancel button is clicked" duration="48"/>
    <testCase name="ModalFooter should call onLogout when logout button is clicked" duration="51"/>
    <testCase name="UserProfileAvatar should render properly when not editing and with an avatar" duration="10"/>
    <testCase name="UserProfileAvatar should render properly when editing and with an uploaded avatar" duration="71"/>
    <testCase name="UserInfoModal should render the user icon properly" duration="166"/>
  </file>
  <file path="C:\Users\Robert\OneDrive\Desktop\IP\New Frontend\New-frontend\fe-labs-and-courses-management\src\pages\Subject\__tests__\FormModal.test.tsx">
    <testCase name="FormModal renders modal title" duration="753"/>
    <testCase name="FormModal should render the submit button" duration="302"/>
    <testCase name="FormModal submits the form data" duration="2746"/>
    <testCase name="FormModal cancels the form data" duration="2262"/>
  </file>
  <file path="C:\Users\Robert\OneDrive\Desktop\IP\New Frontend\New-frontend\fe-labs-and-courses-management\src\components\RemindersCard\AddItem.test.tsx">
    <testCase name="AddReminder should render title field" duration="326"/>
    <testCase name="AddReminder should render description field" duration="130"/>
    <testCase name="AddReminder should render due date field" duration="123"/>
  </file>
  <file path="C:\Users\Robert\OneDrive\Desktop\IP\New Frontend\New-frontend\fe-labs-and-courses-management\src\components\TeacherInfo\TeacherInfoCard.test.tsx">
    <testCase name="TeacherInfoCard renders the card title" duration="102"/>
    <testCase name="TeacherInfoCard renders the teacher name" duration="89"/>
    <testCase name="TeacherInfoCard renders the course titles" duration="58"/>
    <testCase name="CourseCard should render properly" duration="23"/>
    <testCase name="CoursesCard should render properly" duration="43"/>
  </file>
  <file path="C:\Users\Robert\OneDrive\Desktop\IP\New Frontend\New-frontend\fe-labs-and-courses-management\src\components\UserInfoModal\UserInfoInput.test.tsx">
    <testCase name="UserInfoInput should render properly" duration="26"/>
    <testCase name="UserInfoInput should be editable when in edit mode" duration="207"/>
    <testCase name="UserInfoInput should not be editable when not in edit mode" duration="3"/>
  </file>
  <file path="C:\Users\Robert\OneDrive\Desktop\IP\New Frontend\New-frontend\fe-labs-and-courses-management\src\pages\Subject\__tests__\CardGrid.test.tsx">
    <testCase name="CardGrid renders the correct number of subject cards" duration="177"/>
    <testCase name="CardGrid pressing the card sends the user to the course&apos;s page" duration="51"/>
  </file>
  <file path="C:\Users\Robert\OneDrive\Desktop\IP\New Frontend\New-frontend\fe-labs-and-courses-management\src\components\UserInfoModal\UserAvatar.test.tsx">
    <testCase name="UserAvatar should render the user placeholder icon" duration="53"/>
    <testCase name="UserAvatar should render a custom user avatar" duration="18"/>
    <testCase name="UserAvatar should call the onClick function when clicked" duration="24"/>
  </file>
  <file path="C:\Users\Robert\OneDrive\Desktop\IP\New Frontend\New-frontend\fe-labs-and-courses-management\src\components\RemindersCard\RemindersCardBody.test.tsx">
    <testCase name="RemindersCardBody should render reminders title" duration="331"/>
    <testCase name="RemindersCardBody should render the title of the reminder" duration="83"/>
  </file>
  <file path="C:\Users\Robert\OneDrive\Desktop\IP\New Frontend\New-frontend\fe-labs-and-courses-management\src\components\NetworkCard\NetworkCard.test.tsx">
    <testCase name="UserHeader should render properly" duration="51"/>
    <testCase name="UserInfoFields should render properly" duration="4"/>
    <testCase name="NetworkCard should render properly" duration="76"/>
  </file>
</testExecutions>